2025-03-13 07:54:39,926 - flask_app - INFO - Aplikasi Flask dimulai
2025-03-13 07:54:39,978 - werkzeug - INFO - [31m[1mWARNING: This is a development server. Do not use it in a production deployment. Use a production WSGI server instead.[0m
 * Running on all addresses (0.0.0.0)
 * Running on http://127.0.0.1:5000
 * Running on http://192.168.1.8:5000
2025-03-13 07:54:39,979 - werkzeug - INFO - [33mPress CTRL+C to quit[0m
2025-03-13 07:54:39,982 - werkzeug - INFO -  * Restarting with stat
2025-03-13 07:54:42,195 - flask_app - INFO - Aplikasi Flask dimulai
2025-03-13 07:54:42,208 - werkzeug - WARNING -  * Debugger is active!
2025-03-13 07:54:42,213 - werkzeug - INFO -  * Debugger PIN: 136-691-489
2025-03-13 07:56:28,321 - flask_app - INFO - Received criteria import data: {
  "assessment_id": "9e6b1443-a1f8-4c07-b2ca-94c476e4b1dd",
  "rubrik_id": "9e6a06c4-bbb6-407a-8ef9-1c64b158fb7f",
  "question": "Ini pertanyaan kedua",
  "bobot_1": "sangat kurang komunikasi",
  "bobot_2": "kurang komunikasi",
  "bobot_3": "cukup komunikasi",
  "bobot_4": "baik komunikasi",
  "bobot_5": "sangat komunikasi",
  "aspect": "disiplin",
  "criteria": "komunikasi",
  "skill_type": "softskill",
  "type": "selfAssessment"
}
2025-03-13 07:56:30,042 - flask_app - INFO - Translated text: very poor communication
2025-03-13 07:56:31,978 - flask_app - INFO - Translated text: lack of communication
2025-03-13 07:56:34,188 - flask_app - INFO - Translated text: sufficient communication
2025-03-13 07:56:36,582 - flask_app - INFO - Translated text: good communication
2025-03-13 07:56:38,125 - flask_app - INFO - Translated text: very communicative
2025-03-13 07:56:38,125 - flask_app - INFO - Translated criteria for assessment_id 9e6b1443-a1f8-4c07-b2ca-94c476e4b1dd: {
  "1": "very poor communication",
  "2": "lack of communication",
  "3": "sufficient communication",
  "4": "good communication",
  "5": "very communicative"
}
2025-03-13 07:56:38,126 - flask_app - ERROR - Error loading existing rubrik data: Expecting value: line 1 column 1 (char 0)
2025-03-13 07:56:38,127 - flask_app - INFO - Successfully saved criteria for assessment_id 9e6b1443-a1f8-4c07-b2ca-94c476e4b1dd to Rubrik.json
2025-03-13 07:56:38,128 - werkzeug - INFO - 127.0.0.1 - - [13/Mar/2025 07:56:38] "POST /import-criteria HTTP/1.1" 200 -
2025-03-13 07:56:38,586 - flask_app - INFO - Received criteria import data: {
  "assessment_id": "9e6b1442-fa7a-46c0-9dcc-c018209e4340",
  "rubrik_id": "9e6a06c4-13c6-4dd7-99f4-d54b330059cd",
  "question": "Ini pertanyaan pertama",
  "bobot_1": "sangat kurang tepat waktu",
  "bobot_2": "kurang tepat waktu",
  "bobot_3": "cukup tepat waktu",
  "bobot_4": "baik tepat waktu",
  "bobot_5": "sangat baik tepat waktu",
  "aspect": "disiplin",
  "criteria": "tepat waktu",
  "skill_type": "softskill",
  "type": "selfAssessment"
}
2025-03-13 07:56:41,230 - flask_app - INFO - Translated text: very poorly timed
2025-03-13 07:56:42,799 - flask_app - INFO - Translated text: not quite on time
2025-03-13 07:56:46,177 - flask_app - INFO - Translated text: quite on time
2025-03-13 07:56:48,178 - flask_app - INFO - Translated text: in time
2025-03-13 07:56:49,551 - flask_app - INFO - Translated text: very good on time
2025-03-13 07:56:49,552 - flask_app - INFO - Translated criteria for assessment_id 9e6b1442-fa7a-46c0-9dcc-c018209e4340: {
  "1": "very poorly timed",
  "2": "not quite on time",
  "3": "quite on time",
  "4": "in time",
  "5": "very good on time"
}
2025-03-13 07:56:49,553 - flask_app - INFO - Successfully saved criteria for assessment_id 9e6b1442-fa7a-46c0-9dcc-c018209e4340 to Rubrik.json
2025-03-13 07:56:49,554 - werkzeug - INFO - 127.0.0.1 - - [13/Mar/2025 07:56:49] "POST /import-criteria HTTP/1.1" 200 -
2025-03-13 07:56:49,577 - flask_app - INFO - Received criteria import data: {
  "assessment_id": "9e6b1443-a2ec-462a-8e7c-ebe85161697b",
  "rubrik_id": "9e6a06c4-13c6-4dd7-99f4-d54b330059cd",
  "question": "Ini pertanyaan pertama peer",
  "bobot_1": "sangat kurang tepat waktu",
  "bobot_2": "kurang tepat waktu",
  "bobot_3": "cukup tepat waktu",
  "bobot_4": "baik tepat waktu",
  "bobot_5": "sangat baik tepat waktu",
  "aspect": "disiplin",
  "criteria": "tepat waktu",
  "skill_type": "softskill",
  "type": "peerAssessment"
}
2025-03-13 07:56:50,930 - flask_app - INFO - Translated text: very poorly timed
2025-03-13 07:56:52,330 - flask_app - INFO - Translated text: not quite on time
2025-03-13 07:56:53,804 - flask_app - INFO - Translated text: quite on time
2025-03-13 07:56:55,481 - flask_app - INFO - Translated text: in time
2025-03-13 07:56:57,376 - flask_app - INFO - Translated text: very good on time
2025-03-13 07:56:57,377 - flask_app - INFO - Translated criteria for assessment_id 9e6b1443-a2ec-462a-8e7c-ebe85161697b: {
  "1": "very poorly timed",
  "2": "not quite on time",
  "3": "quite on time",
  "4": "in time",
  "5": "very good on time"
}
2025-03-13 07:56:57,378 - flask_app - INFO - Successfully saved criteria for assessment_id 9e6b1443-a2ec-462a-8e7c-ebe85161697b to Rubrik.json
2025-03-13 07:56:57,379 - werkzeug - INFO - 127.0.0.1 - - [13/Mar/2025 07:56:57] "POST /import-criteria HTTP/1.1" 200 -
2025-03-13 07:56:57,413 - flask_app - INFO - Received criteria import data: {
  "assessment_id": "9e6b1443-a3c0-4064-b5d4-ef381d6ba913",
  "rubrik_id": "9e6a06c4-bbb6-407a-8ef9-1c64b158fb7f",
  "question": "Ini pertanyaan peer",
  "bobot_1": "sangat kurang komunikasi",
  "bobot_2": "kurang komunikasi",
  "bobot_3": "cukup komunikasi",
  "bobot_4": "baik komunikasi",
  "bobot_5": "sangat komunikasi",
  "aspect": "disiplin",
  "criteria": "komunikasi",
  "skill_type": "softskill",
  "type": "peerAssessment"
}
2025-03-13 07:56:59,160 - flask_app - INFO - Translated text: very poor communication
2025-03-13 07:57:00,637 - flask_app - INFO - Translated text: lack of communication
2025-03-13 07:57:02,882 - flask_app - INFO - Translated text: sufficient communication
2025-03-13 07:57:04,243 - flask_app - INFO - Translated text: good communication
2025-03-13 07:57:06,290 - flask_app - INFO - Translated text: very communicative
2025-03-13 07:57:06,291 - flask_app - INFO - Translated criteria for assessment_id 9e6b1443-a3c0-4064-b5d4-ef381d6ba913: {
  "1": "very poor communication",
  "2": "lack of communication",
  "3": "sufficient communication",
  "4": "good communication",
  "5": "very communicative"
}
2025-03-13 07:57:06,292 - flask_app - INFO - Successfully saved criteria for assessment_id 9e6b1443-a3c0-4064-b5d4-ef381d6ba913 to Rubrik.json
2025-03-13 07:57:06,292 - werkzeug - INFO - 127.0.0.1 - - [13/Mar/2025 07:57:06] "POST /import-criteria HTTP/1.1" 200 -
2025-03-13 07:59:37,654 - flask_app - INFO - Data diterima dari Laravel: {
  "question_id": "9e6b1443-a2ec-462a-8e7c-ebe85161697b",
  "answer": "dia cukup baik dalam tepat waktu",
  "score": 2
}
2025-03-13 07:59:37,654 - flask_app - INFO - Request Headers: {'Host': 'localhost:5000', 'User-Agent': 'GuzzleHttp/7', 'Content-Type': 'application/json', 'Accept': 'application/json', 'Content-Length': '108'}
2025-03-13 07:59:37,654 - flask_app - INFO - Found matching criteria for question_id: 9e6b1443-a2ec-462a-8e7c-ebe85161697b
2025-03-13 07:59:37,654 - flask_app - INFO - Loaded criteria for question_id 9e6b1443-a2ec-462a-8e7c-ebe85161697b: {
  "1": "very poorly timed",
  "2": "not quite on time",
  "3": "quite on time",
  "4": "in time",
  "5": "very good on time"
}
2025-03-13 07:59:39,283 - flask_app - INFO - Translated text: he's pretty good at being on time
2025-03-13 07:59:39,283 - flask_app - INFO - Translated answer: he's pretty good at being on time
2025-03-13 07:59:42,073 - flask_app - INFO - Calculating similarity between: 
Answer: 'he's pretty good at being on time'
Criteria: 'very poorly timed'
2025-03-13 07:59:42,091 - flask_app - INFO - spaCy similarity score: 0.11950039863586426
2025-03-13 07:59:42,092 - flask_app - INFO - Answer keywords: [('pretty', False), ('good', False), ('time', False)]
2025-03-13 07:59:42,093 - flask_app - INFO - Criteria keywords: {'poorly', 'time'}
2025-03-13 07:59:42,093 - flask_app - INFO - Keyword matches: 1
2025-03-13 07:59:42,094 - flask_app - INFO - Keyword ratio: 0.5
2025-03-13 07:59:42,094 - flask_app - INFO - Combined similarity score: 0.30975019931793213
2025-03-13 07:59:42,094 - flask_app - INFO - Calculating similarity between: 
Answer: 'he's pretty good at being on time'
Criteria: 'not quite on time'
2025-03-13 07:59:42,111 - flask_app - INFO - spaCy similarity score: 0.39140576124191284
2025-03-13 07:59:42,112 - flask_app - INFO - Answer keywords: [('pretty', False), ('good', False), ('time', False)]
2025-03-13 07:59:42,112 - flask_app - INFO - Criteria keywords: {'time'}
2025-03-13 07:59:42,112 - flask_app - INFO - Keyword matches: 1
2025-03-13 07:59:42,113 - flask_app - INFO - Keyword ratio: 1.0
2025-03-13 07:59:42,113 - flask_app - INFO - Combined similarity score: 0.6957028806209564
2025-03-13 07:59:42,114 - flask_app - INFO - Calculating similarity between: 
Answer: 'he's pretty good at being on time'
Criteria: 'quite on time'
2025-03-13 07:59:42,137 - flask_app - INFO - spaCy similarity score: 0.48702332377433777
2025-03-13 07:59:42,140 - flask_app - INFO - Answer keywords: [('pretty', False), ('good', False), ('time', False)]
2025-03-13 07:59:42,142 - flask_app - INFO - Criteria keywords: {'time'}
2025-03-13 07:59:42,142 - flask_app - INFO - Keyword matches: 1
2025-03-13 07:59:42,143 - flask_app - INFO - Keyword ratio: 1.0
2025-03-13 07:59:42,144 - flask_app - INFO - Combined similarity score: 0.7435116618871689
2025-03-13 07:59:42,144 - flask_app - INFO - Calculating similarity between: 
Answer: 'he's pretty good at being on time'
Criteria: 'in time'
2025-03-13 07:59:42,161 - flask_app - INFO - spaCy similarity score: 0.4570574462413788
2025-03-13 07:59:42,162 - flask_app - INFO - Answer keywords: [('pretty', False), ('good', False), ('time', False)]
2025-03-13 07:59:42,162 - flask_app - INFO - Criteria keywords: {'time'}
2025-03-13 07:59:42,163 - flask_app - INFO - Keyword matches: 1
2025-03-13 07:59:42,163 - flask_app - INFO - Keyword ratio: 1.0
2025-03-13 07:59:42,163 - flask_app - INFO - Combined similarity score: 0.7285287231206894
2025-03-13 07:59:42,163 - flask_app - INFO - Calculating similarity between: 
Answer: 'he's pretty good at being on time'
Criteria: 'very good on time'
2025-03-13 07:59:42,181 - flask_app - INFO - spaCy similarity score: 0.7334719300270081
2025-03-13 07:59:42,182 - flask_app - INFO - Answer keywords: [('pretty', False), ('good', False), ('time', False)]
2025-03-13 07:59:42,182 - flask_app - INFO - Criteria keywords: {'time', 'good'}
2025-03-13 07:59:42,183 - flask_app - INFO - Keyword matches: 2
2025-03-13 07:59:42,184 - flask_app - INFO - Keyword ratio: 1.0
2025-03-13 07:59:42,185 - flask_app - INFO - Combined similarity score: 0.866735965013504
2025-03-13 07:59:42,186 - flask_app - INFO - Hasil Analisis: best_score=5, best_similarity=0.8667, sentiment=Positive
2025-03-13 07:59:42,187 - flask_app - INFO - Similarity Scores: {
  "1": 0.3098,
  "2": 0.6957,
  "3": 0.7435,
  "4": 0.7285,
  "5": 0.8667
}
2025-03-13 07:59:42,188 - flask_app - INFO - Response dikirim ke Laravel: {
  "best_score": 5,
  "best_similarity": 0.8667,
  "sentiment": "Positive",
  "avg_pos": 0.2188,
  "avg_neg": 0.0625,
  "similarity_scores": {
    "1": 0.3098,
    "2": 0.6957,
    "3": 0.7435,
    "4": 0.7285,
    "5": 0.8667
  }
}
2025-03-13 07:59:42,190 - werkzeug - INFO - 127.0.0.1 - - [13/Mar/2025 07:59:42] "POST /assess HTTP/1.1" 200 -
2025-03-13 07:59:42,260 - flask_app - INFO - Data diterima dari Laravel: {
  "question_id": "9e6b1443-a3c0-4064-b5d4-ef381d6ba913",
  "answer": "dia sangat baik dalam komunikasi",
  "score": 1
}
2025-03-13 07:59:42,261 - flask_app - INFO - Request Headers: {'Host': 'localhost:5000', 'User-Agent': 'GuzzleHttp/7', 'Content-Type': 'application/json', 'Accept': 'application/json', 'Content-Length': '108'}
2025-03-13 07:59:42,262 - flask_app - INFO - Found matching criteria for question_id: 9e6b1443-a3c0-4064-b5d4-ef381d6ba913
2025-03-13 07:59:42,262 - flask_app - INFO - Loaded criteria for question_id 9e6b1443-a3c0-4064-b5d4-ef381d6ba913: {
  "1": "very poor communication",
  "2": "lack of communication",
  "3": "sufficient communication",
  "4": "good communication",
  "5": "very communicative"
}
2025-03-13 07:59:43,788 - flask_app - INFO - Translated text: he is very good at communication
2025-03-13 07:59:43,789 - flask_app - INFO - Translated answer: he is very good at communication
2025-03-13 07:59:43,795 - flask_app - INFO - Calculating similarity between: 
Answer: 'he is very good at communication'
Criteria: 'very poor communication'
2025-03-13 07:59:43,806 - flask_app - INFO - spaCy similarity score: 0.4624677300453186
2025-03-13 07:59:43,806 - flask_app - INFO - Answer keywords: [('good', False), ('communication', False)]
2025-03-13 07:59:43,807 - flask_app - INFO - Criteria keywords: {'communication', 'poor'}
2025-03-13 07:59:43,807 - flask_app - INFO - Keyword matches: 1
2025-03-13 07:59:43,807 - flask_app - INFO - Keyword ratio: 0.5
2025-03-13 07:59:43,807 - flask_app - INFO - Combined similarity score: 0.4812338650226593
2025-03-13 07:59:43,808 - flask_app - INFO - Calculating similarity between: 
Answer: 'he is very good at communication'
Criteria: 'lack of communication'
2025-03-13 07:59:43,823 - flask_app - INFO - spaCy similarity score: 0.41129204630851746
2025-03-13 07:59:43,823 - flask_app - INFO - Answer keywords: [('good', False), ('communication', False)]
2025-03-13 07:59:43,824 - flask_app - INFO - Criteria keywords: {'lack', 'communication'}
2025-03-13 07:59:43,824 - flask_app - INFO - Keyword matches: 1
2025-03-13 07:59:43,824 - flask_app - INFO - Keyword ratio: 0.5
2025-03-13 07:59:43,824 - flask_app - INFO - Combined similarity score: 0.45564602315425873
2025-03-13 07:59:43,825 - flask_app - INFO - Calculating similarity between: 
Answer: 'he is very good at communication'
Criteria: 'sufficient communication'
2025-03-13 07:59:43,841 - flask_app - INFO - spaCy similarity score: 0.2740689516067505
2025-03-13 07:59:43,842 - flask_app - INFO - Answer keywords: [('good', False), ('communication', False)]
2025-03-13 07:59:43,842 - flask_app - INFO - Criteria keywords: {'communication', 'sufficient'}
2025-03-13 07:59:43,842 - flask_app - INFO - Keyword matches: 1
2025-03-13 07:59:43,843 - flask_app - INFO - Keyword ratio: 0.5
2025-03-13 07:59:43,843 - flask_app - INFO - Combined similarity score: 0.38703447580337524
2025-03-13 07:59:43,843 - flask_app - INFO - Calculating similarity between: 
Answer: 'he is very good at communication'
Criteria: 'good communication'
2025-03-13 07:59:43,861 - flask_app - INFO - spaCy similarity score: 0.26985204219818115
2025-03-13 07:59:43,861 - flask_app - INFO - Answer keywords: [('good', False), ('communication', False)]
2025-03-13 07:59:43,863 - flask_app - INFO - Criteria keywords: {'communication', 'good'}
2025-03-13 07:59:43,864 - flask_app - INFO - Keyword matches: 2
2025-03-13 07:59:43,864 - flask_app - INFO - Keyword ratio: 1.0
2025-03-13 07:59:43,865 - flask_app - INFO - Combined similarity score: 0.6349260210990906
2025-03-13 07:59:43,866 - flask_app - INFO - Calculating similarity between: 
Answer: 'he is very good at communication'
Criteria: 'very communicative'
2025-03-13 07:59:43,880 - flask_app - INFO - spaCy similarity score: 0.5343747138977051
2025-03-13 07:59:43,883 - flask_app - INFO - Answer keywords: [('good', False), ('communication', False)]
2025-03-13 07:59:43,884 - flask_app - INFO - Criteria keywords: {'communicative'}
2025-03-13 07:59:43,884 - flask_app - INFO - Keyword matches: 0
2025-03-13 07:59:43,885 - flask_app - INFO - Keyword ratio: 0.0
2025-03-13 07:59:43,885 - flask_app - INFO - Combined similarity score: 0.26718735694885254
2025-03-13 07:59:43,885 - flask_app - INFO - Hasil Analisis: best_score=4, best_similarity=0.6349, sentiment=Positive
2025-03-13 07:59:43,885 - flask_app - INFO - Similarity Scores: {
  "1": 0.4812,
  "2": 0.4556,
  "3": 0.387,
  "4": 0.6349,
  "5": 0.2672
}
2025-03-13 07:59:43,886 - flask_app - INFO - Response dikirim ke Laravel: {
  "best_score": 4,
  "best_similarity": 0.6349,
  "sentiment": "Positive",
  "avg_pos": 0.2812,
  "avg_neg": 0.0,
  "similarity_scores": {
    "1": 0.4812,
    "2": 0.4556,
    "3": 0.387,
    "4": 0.6349,
    "5": 0.2672
  }
}
2025-03-13 07:59:43,888 - werkzeug - INFO - 127.0.0.1 - - [13/Mar/2025 07:59:43] "POST /assess HTTP/1.1" 200 -
2025-03-13 09:32:22,548 - flask_app - INFO - Aplikasi Flask dimulai
2025-03-13 09:32:22,583 - werkzeug - INFO - [31m[1mWARNING: This is a development server. Do not use it in a production deployment. Use a production WSGI server instead.[0m
 * Running on all addresses (0.0.0.0)
 * Running on http://127.0.0.1:5000
 * Running on http://10.10.128.20:5000
2025-03-13 09:32:22,583 - werkzeug - INFO - [33mPress CTRL+C to quit[0m
2025-03-13 09:32:22,587 - werkzeug - INFO -  * Restarting with stat
2025-03-13 09:32:24,842 - flask_app - INFO - Aplikasi Flask dimulai
2025-03-13 09:32:24,856 - werkzeug - WARNING -  * Debugger is active!
2025-03-13 09:32:24,861 - werkzeug - INFO -  * Debugger PIN: 136-691-489
2025-03-13 09:34:11,930 - flask_app - INFO - Received criteria import data: {
  "assessment_id": "9e6b3732-211b-49a7-a371-5610398fd101",
  "rubrik_id": "9e6a06c4-13c6-4dd7-99f4-d54b330059cd",
  "question": "Ini pertanyaan pertama",
  "bobot_1": "sangat kurang tepat waktu",
  "bobot_2": "kurang tepat waktu",
  "bobot_3": "cukup tepat waktu",
  "bobot_4": "baik tepat waktu",
  "bobot_5": "sangat baik tepat waktu",
  "aspect": "disiplin",
  "criteria": "tepat waktu",
  "skill_type": "softskill",
  "type": "selfAssessment"
}
2025-03-13 09:34:13,988 - flask_app - INFO - Translated text: very poorly timed
2025-03-13 09:34:15,832 - flask_app - INFO - Translated text: not quite on time
2025-03-13 09:34:17,469 - flask_app - INFO - Translated text: quite on time
2025-03-13 09:34:19,342 - flask_app - INFO - Translated text: in time
2025-03-13 09:34:21,260 - flask_app - INFO - Translated text: very good on time
2025-03-13 09:34:21,261 - flask_app - INFO - Translated criteria for assessment_id 9e6b3732-211b-49a7-a371-5610398fd101: {
  "1": "very poorly timed",
  "2": "not quite on time",
  "3": "quite on time",
  "4": "in time",
  "5": "very good on time"
}
2025-03-13 09:34:21,263 - flask_app - ERROR - Error loading existing rubrik data: Expecting value: line 1 column 1 (char 0)
2025-03-13 09:34:21,265 - flask_app - INFO - Successfully saved criteria for assessment_id 9e6b3732-211b-49a7-a371-5610398fd101 to Rubrik.json
2025-03-13 09:34:21,267 - werkzeug - INFO - 127.0.0.1 - - [13/Mar/2025 09:34:21] "POST /import-criteria HTTP/1.1" 200 -
2025-03-13 09:34:21,310 - flask_app - INFO - Received criteria import data: {
  "assessment_id": "9e6b3732-2783-49f9-834c-1ffa52679db3",
  "rubrik_id": "9e6a06c4-bbb6-407a-8ef9-1c64b158fb7f",
  "question": "Ini pertanyaan kedua",
  "bobot_1": "sangat kurang komunikasi",
  "bobot_2": "kurang komunikasi",
  "bobot_3": "cukup komunikasi",
  "bobot_4": "baik komunikasi",
  "bobot_5": "sangat komunikasi",
  "aspect": "disiplin",
  "criteria": "komunikasi",
  "skill_type": "softskill",
  "type": "selfAssessment"
}
2025-03-13 09:34:23,017 - flask_app - INFO - Translated text: very poor communication
2025-03-13 09:34:25,981 - flask_app - INFO - Translated text: lack of communication
2025-03-13 09:34:28,014 - flask_app - INFO - Translated text: sufficient communication
2025-03-13 09:34:29,827 - flask_app - INFO - Translated text: good communication
2025-03-13 09:34:31,564 - flask_app - INFO - Translated text: very communicative
2025-03-13 09:34:31,565 - flask_app - INFO - Translated criteria for assessment_id 9e6b3732-2783-49f9-834c-1ffa52679db3: {
  "1": "very poor communication",
  "2": "lack of communication",
  "3": "sufficient communication",
  "4": "good communication",
  "5": "very communicative"
}
2025-03-13 09:34:31,567 - flask_app - INFO - Successfully saved criteria for assessment_id 9e6b3732-2783-49f9-834c-1ffa52679db3 to Rubrik.json
2025-03-13 09:34:31,569 - werkzeug - INFO - 127.0.0.1 - - [13/Mar/2025 09:34:31] "POST /import-criteria HTTP/1.1" 200 -
2025-03-13 09:34:31,614 - flask_app - INFO - Received criteria import data: {
  "assessment_id": "9e6b3732-2954-4959-b3e4-52da2ee8c838",
  "rubrik_id": "9e6a06c4-13c6-4dd7-99f4-d54b330059cd",
  "question": "Ini pertanyaan pertama peer",
  "bobot_1": "sangat kurang tepat waktu",
  "bobot_2": "kurang tepat waktu",
  "bobot_3": "cukup tepat waktu",
  "bobot_4": "baik tepat waktu",
  "bobot_5": "sangat baik tepat waktu",
  "aspect": "disiplin",
  "criteria": "tepat waktu",
  "skill_type": "softskill",
  "type": "peerAssessment"
}
2025-03-13 09:34:33,138 - flask_app - INFO - Translated text: very poorly timed
2025-03-13 09:34:34,797 - flask_app - INFO - Translated text: not quite on time
2025-03-13 09:34:36,402 - flask_app - INFO - Translated text: quite on time
2025-03-13 09:34:39,011 - flask_app - INFO - Translated text: in time
2025-03-13 09:34:40,591 - flask_app - INFO - Translated text: very good on time
2025-03-13 09:34:40,592 - flask_app - INFO - Translated criteria for assessment_id 9e6b3732-2954-4959-b3e4-52da2ee8c838: {
  "1": "very poorly timed",
  "2": "not quite on time",
  "3": "quite on time",
  "4": "in time",
  "5": "very good on time"
}
2025-03-13 09:34:40,593 - flask_app - INFO - Successfully saved criteria for assessment_id 9e6b3732-2954-4959-b3e4-52da2ee8c838 to Rubrik.json
2025-03-13 09:34:40,594 - werkzeug - INFO - 127.0.0.1 - - [13/Mar/2025 09:34:40] "POST /import-criteria HTTP/1.1" 200 -
2025-03-13 09:34:40,614 - flask_app - INFO - Received criteria import data: {
  "assessment_id": "9e6b3732-29fb-443e-8c03-505b3d12b727",
  "rubrik_id": "9e6a06c4-bbb6-407a-8ef9-1c64b158fb7f",
  "question": "Ini pertanyaan peer",
  "bobot_1": "sangat kurang komunikasi",
  "bobot_2": "kurang komunikasi",
  "bobot_3": "cukup komunikasi",
  "bobot_4": "baik komunikasi",
  "bobot_5": "sangat komunikasi",
  "aspect": "disiplin",
  "criteria": "komunikasi",
  "skill_type": "softskill",
  "type": "peerAssessment"
}
2025-03-13 09:34:42,115 - flask_app - INFO - Translated text: very poor communication
2025-03-13 09:34:44,024 - flask_app - INFO - Translated text: lack of communication
2025-03-13 09:34:45,669 - flask_app - INFO - Translated text: sufficient communication
2025-03-13 09:34:47,672 - flask_app - INFO - Translated text: good communication
2025-03-13 09:34:49,102 - flask_app - INFO - Translated text: very communicative
2025-03-13 09:34:49,103 - flask_app - INFO - Translated criteria for assessment_id 9e6b3732-29fb-443e-8c03-505b3d12b727: {
  "1": "very poor communication",
  "2": "lack of communication",
  "3": "sufficient communication",
  "4": "good communication",
  "5": "very communicative"
}
2025-03-13 09:34:49,106 - flask_app - INFO - Successfully saved criteria for assessment_id 9e6b3732-29fb-443e-8c03-505b3d12b727 to Rubrik.json
2025-03-13 09:34:49,107 - werkzeug - INFO - 127.0.0.1 - - [13/Mar/2025 09:34:49] "POST /import-criteria HTTP/1.1" 200 -
2025-03-13 09:37:49,961 - flask_app - INFO - Data diterima dari Laravel: {
  "question_id": "9e6b3732-2954-4959-b3e4-52da2ee8c838",
  "answer": "sangat tepat waktu rekan saya ini",
  "score": 2
}
2025-03-13 09:37:49,962 - flask_app - INFO - Request Headers: {'Host': 'localhost:5000', 'User-Agent': 'GuzzleHttp/7', 'Content-Type': 'application/json', 'Accept': 'application/json', 'Content-Length': '109'}
2025-03-13 09:37:49,975 - flask_app - INFO - Found matching criteria for question_id: 9e6b3732-2954-4959-b3e4-52da2ee8c838
2025-03-13 09:37:49,975 - flask_app - INFO - Loaded criteria for question_id 9e6b3732-2954-4959-b3e4-52da2ee8c838: {
  "1": "very poorly timed",
  "2": "not quite on time",
  "3": "quite on time",
  "4": "in time",
  "5": "very good on time"
}
2025-03-13 09:37:51,912 - flask_app - INFO - Translated text: very timely this colleague of mine
2025-03-13 09:37:51,914 - flask_app - INFO - Translated answer: very timely this colleague of mine
2025-03-13 09:37:54,939 - flask_app - INFO - Calculating similarity between: 
Answer: 'very timely this colleague of mine'
Criteria: 'very poorly timed'
2025-03-13 09:37:54,956 - flask_app - INFO - spaCy similarity score: 0.37397322058677673
2025-03-13 09:37:54,958 - flask_app - INFO - Answer keywords: [('timely', False), ('colleague', False)]
2025-03-13 09:37:54,958 - flask_app - INFO - Criteria keywords: {'time', 'poorly'}
2025-03-13 09:37:54,958 - flask_app - INFO - Keyword matches: 0
2025-03-13 09:37:54,959 - flask_app - INFO - Keyword ratio: 0.0
2025-03-13 09:37:54,959 - flask_app - INFO - Combined similarity score: 0.18698661029338837
2025-03-13 09:37:54,959 - flask_app - INFO - Calculating similarity between: 
Answer: 'very timely this colleague of mine'
Criteria: 'not quite on time'
2025-03-13 09:37:54,975 - flask_app - INFO - spaCy similarity score: 0.3184606730937958
2025-03-13 09:37:54,975 - flask_app - INFO - Answer keywords: [('timely', False), ('colleague', False)]
2025-03-13 09:37:54,975 - flask_app - INFO - Criteria keywords: {'time'}
2025-03-13 09:37:54,975 - flask_app - INFO - Keyword matches: 0
2025-03-13 09:37:54,977 - flask_app - INFO - Keyword ratio: 0.0
2025-03-13 09:37:54,977 - flask_app - INFO - Combined similarity score: 0.1592303365468979
2025-03-13 09:37:54,977 - flask_app - INFO - Calculating similarity between: 
Answer: 'very timely this colleague of mine'
Criteria: 'quite on time'
2025-03-13 09:37:54,991 - flask_app - INFO - spaCy similarity score: 0.341928094625473
2025-03-13 09:37:54,992 - flask_app - INFO - Answer keywords: [('timely', False), ('colleague', False)]
2025-03-13 09:37:54,992 - flask_app - INFO - Criteria keywords: {'time'}
2025-03-13 09:37:54,992 - flask_app - INFO - Keyword matches: 0
2025-03-13 09:37:54,992 - flask_app - INFO - Keyword ratio: 0.0
2025-03-13 09:37:54,992 - flask_app - INFO - Combined similarity score: 0.1709640473127365
2025-03-13 09:37:54,993 - flask_app - INFO - Calculating similarity between: 
Answer: 'very timely this colleague of mine'
Criteria: 'in time'
2025-03-13 09:37:55,003 - flask_app - INFO - spaCy similarity score: 0.1659080982208252
2025-03-13 09:37:55,004 - flask_app - INFO - Answer keywords: [('timely', False), ('colleague', False)]
2025-03-13 09:37:55,004 - flask_app - INFO - Criteria keywords: {'time'}
2025-03-13 09:37:55,005 - flask_app - INFO - Keyword matches: 0
2025-03-13 09:37:55,005 - flask_app - INFO - Keyword ratio: 0.0
2025-03-13 09:37:55,005 - flask_app - INFO - Combined similarity score: 0.0829540491104126
2025-03-13 09:37:55,006 - flask_app - INFO - Calculating similarity between: 
Answer: 'very timely this colleague of mine'
Criteria: 'very good on time'
2025-03-13 09:37:55,017 - flask_app - INFO - spaCy similarity score: 0.5186074376106262
2025-03-13 09:37:55,019 - flask_app - INFO - Answer keywords: [('timely', False), ('colleague', False)]
2025-03-13 09:37:55,019 - flask_app - INFO - Criteria keywords: {'good', 'time'}
2025-03-13 09:37:55,019 - flask_app - INFO - Keyword matches: 0
2025-03-13 09:37:55,019 - flask_app - INFO - Keyword ratio: 0.0
2025-03-13 09:37:55,019 - flask_app - INFO - Combined similarity score: 0.2593037188053131
2025-03-13 09:37:55,020 - flask_app - INFO - Hasil Analisis: best_score=5, best_similarity=0.2593, sentiment=Positive
2025-03-13 09:37:55,020 - flask_app - INFO - Similarity Scores: {
  "1": 0.187,
  "2": 0.1592,
  "3": 0.171,
  "4": 0.083,
  "5": 0.2593
}
2025-03-13 09:37:55,021 - flask_app - INFO - Response dikirim ke Laravel: {
  "best_score": 5,
  "best_similarity": 0.2593,
  "sentiment": "Positive",
  "avg_pos": 0.0625,
  "avg_neg": 0.0,
  "similarity_scores": {
    "1": 0.187,
    "2": 0.1592,
    "3": 0.171,
    "4": 0.083,
    "5": 0.2593
  }
}
2025-03-13 09:37:55,021 - werkzeug - INFO - 127.0.0.1 - - [13/Mar/2025 09:37:55] "POST /assess HTTP/1.1" 200 -
2025-03-13 09:37:55,072 - flask_app - INFO - Data diterima dari Laravel: {
  "question_id": "9e6b3732-29fb-443e-8c03-505b3d12b727",
  "answer": "dia sangat kurang dalam komunikasi",
  "score": 3
}
2025-03-13 09:37:55,072 - flask_app - INFO - Request Headers: {'Host': 'localhost:5000', 'User-Agent': 'GuzzleHttp/7', 'Content-Type': 'application/json', 'Accept': 'application/json', 'Content-Length': '110'}
2025-03-13 09:37:55,073 - flask_app - INFO - Found matching criteria for question_id: 9e6b3732-29fb-443e-8c03-505b3d12b727
2025-03-13 09:37:55,073 - flask_app - INFO - Loaded criteria for question_id 9e6b3732-29fb-443e-8c03-505b3d12b727: {
  "1": "very poor communication",
  "2": "lack of communication",
  "3": "sufficient communication",
  "4": "good communication",
  "5": "very communicative"
}
2025-03-13 09:37:56,762 - flask_app - INFO - Translated text: he is very lacking in communication
2025-03-13 09:37:56,763 - flask_app - INFO - Translated answer: he is very lacking in communication
2025-03-13 09:37:56,776 - flask_app - INFO - Calculating similarity between: 
Answer: 'he is very lacking in communication'
Criteria: 'very poor communication'
2025-03-13 09:37:56,790 - flask_app - INFO - spaCy similarity score: 0.4208122491836548
2025-03-13 09:37:56,791 - flask_app - INFO - Answer keywords: [('lacking', False), ('communication', False)]
2025-03-13 09:37:56,791 - flask_app - INFO - Criteria keywords: {'communication', 'poor'}
2025-03-13 09:37:56,791 - flask_app - INFO - Keyword matches: 1
2025-03-13 09:37:56,791 - flask_app - INFO - Keyword ratio: 0.5
2025-03-13 09:37:56,791 - flask_app - INFO - Combined similarity score: 0.4604061245918274
2025-03-13 09:37:56,793 - flask_app - INFO - Calculating similarity between: 
Answer: 'he is very lacking in communication'
Criteria: 'lack of communication'
2025-03-13 09:37:56,806 - flask_app - INFO - spaCy similarity score: 0.3516909182071686
2025-03-13 09:37:56,806 - flask_app - INFO - Answer keywords: [('lacking', False), ('communication', False)]
2025-03-13 09:37:56,806 - flask_app - INFO - Criteria keywords: {'communication', 'lack'}
2025-03-13 09:37:56,806 - flask_app - INFO - Keyword matches: 1
2025-03-13 09:37:56,806 - flask_app - INFO - Keyword ratio: 0.5
2025-03-13 09:37:56,806 - flask_app - INFO - Combined similarity score: 0.4258454591035843
2025-03-13 09:37:56,807 - flask_app - INFO - Calculating similarity between: 
Answer: 'he is very lacking in communication'
Criteria: 'sufficient communication'
2025-03-13 09:37:56,819 - flask_app - INFO - spaCy similarity score: 0.27985039353370667
2025-03-13 09:37:56,820 - flask_app - INFO - Answer keywords: [('lacking', False), ('communication', False)]
2025-03-13 09:37:56,820 - flask_app - INFO - Criteria keywords: {'communication', 'sufficient'}
2025-03-13 09:37:56,820 - flask_app - INFO - Keyword matches: 1
2025-03-13 09:37:56,821 - flask_app - INFO - Keyword ratio: 0.5
2025-03-13 09:37:56,821 - flask_app - INFO - Combined similarity score: 0.38992519676685333
2025-03-13 09:37:56,821 - flask_app - INFO - Calculating similarity between: 
Answer: 'he is very lacking in communication'
Criteria: 'good communication'
2025-03-13 09:37:56,833 - flask_app - INFO - spaCy similarity score: 0.283022940158844
2025-03-13 09:37:56,834 - flask_app - INFO - Answer keywords: [('lacking', False), ('communication', False)]
2025-03-13 09:37:56,834 - flask_app - INFO - Criteria keywords: {'good', 'communication'}
2025-03-13 09:37:56,834 - flask_app - INFO - Keyword matches: 1
2025-03-13 09:37:56,834 - flask_app - INFO - Keyword ratio: 0.5
2025-03-13 09:37:56,835 - flask_app - INFO - Combined similarity score: 0.391511470079422
2025-03-13 09:37:56,835 - flask_app - INFO - Calculating similarity between: 
Answer: 'he is very lacking in communication'
Criteria: 'very communicative'
2025-03-13 09:37:56,846 - flask_app - INFO - spaCy similarity score: 0.4147041440010071
2025-03-13 09:37:56,846 - flask_app - INFO - Answer keywords: [('lacking', False), ('communication', False)]
2025-03-13 09:37:56,847 - flask_app - INFO - Criteria keywords: {'communicative'}
2025-03-13 09:37:56,848 - flask_app - INFO - Keyword matches: 0
2025-03-13 09:37:56,848 - flask_app - INFO - Keyword ratio: 0.0
2025-03-13 09:37:56,848 - flask_app - INFO - Combined similarity score: 0.20735207200050354
2025-03-13 09:37:56,849 - flask_app - INFO - Hasil Analisis: best_score=1, best_similarity=0.4604, sentiment=Positive
2025-03-13 09:37:56,849 - flask_app - INFO - Similarity Scores: {
  "1": 0.4604,
  "2": 0.4258,
  "3": 0.3899,
  "4": 0.3915,
  "5": 0.2074
}
2025-03-13 09:37:56,850 - flask_app - INFO - Response dikirim ke Laravel: {
  "best_score": 1,
  "best_similarity": 0.4604,
  "sentiment": "Positive",
  "avg_pos": 0.125,
  "avg_neg": 0.0,
  "similarity_scores": {
    "1": 0.4604,
    "2": 0.4258,
    "3": 0.3899,
    "4": 0.3915,
    "5": 0.2074
  }
}
2025-03-13 09:37:56,850 - werkzeug - INFO - 127.0.0.1 - - [13/Mar/2025 09:37:56] "POST /assess HTTP/1.1" 200 -
2025-03-13 09:41:24,672 - flask_app - INFO - Data diterima dari Laravel: {
  "question_id": "9e6b3732-211b-49a7-a371-5610398fd101",
  "answer": "sangat baik",
  "score": 2
}
2025-03-13 09:41:24,672 - flask_app - INFO - Request Headers: {'Host': 'localhost:5000', 'User-Agent': 'GuzzleHttp/7', 'Content-Type': 'application/json', 'Accept': 'application/json', 'Content-Length': '87'}
2025-03-13 09:41:24,673 - flask_app - INFO - Found matching criteria for question_id: 9e6b3732-211b-49a7-a371-5610398fd101
2025-03-13 09:41:24,674 - flask_app - INFO - Loaded criteria for question_id 9e6b3732-211b-49a7-a371-5610398fd101: {
  "1": "very poorly timed",
  "2": "not quite on time",
  "3": "quite on time",
  "4": "in time",
  "5": "very good on time"
}
2025-03-13 09:41:26,965 - flask_app - INFO - Translated text: very good
2025-03-13 09:41:26,967 - flask_app - INFO - Translated answer: very good
2025-03-13 09:41:26,982 - flask_app - INFO - Calculating similarity between: 
Answer: 'very good'
Criteria: 'very poorly timed'
2025-03-13 09:41:26,999 - flask_app - INFO - spaCy similarity score: 0.5526081323623657
2025-03-13 09:41:27,000 - flask_app - INFO - Answer keywords: [('good', False)]
2025-03-13 09:41:27,000 - flask_app - INFO - Criteria keywords: {'time', 'poorly'}
2025-03-13 09:41:27,001 - flask_app - INFO - Keyword matches: 0
2025-03-13 09:41:27,001 - flask_app - INFO - Keyword ratio: 0.0
2025-03-13 09:41:27,001 - flask_app - INFO - Combined similarity score: 0.27630406618118286
2025-03-13 09:41:27,002 - flask_app - INFO - Calculating similarity between: 
Answer: 'very good'
Criteria: 'not quite on time'
2025-03-13 09:41:27,030 - flask_app - INFO - spaCy similarity score: 0.30832639336586
2025-03-13 09:41:27,031 - flask_app - INFO - Answer keywords: [('good', False)]
2025-03-13 09:41:27,031 - flask_app - INFO - Criteria keywords: {'time'}
2025-03-13 09:41:27,032 - flask_app - INFO - Keyword matches: 0
2025-03-13 09:41:27,032 - flask_app - INFO - Keyword ratio: 0.0
2025-03-13 09:41:27,032 - flask_app - INFO - Combined similarity score: 0.15416319668293
2025-03-13 09:41:27,033 - flask_app - INFO - Calculating similarity between: 
Answer: 'very good'
Criteria: 'quite on time'
2025-03-13 09:41:27,059 - flask_app - INFO - spaCy similarity score: 0.33073437213897705
2025-03-13 09:41:27,060 - flask_app - INFO - Answer keywords: [('good', False)]
2025-03-13 09:41:27,060 - flask_app - INFO - Criteria keywords: {'time'}
2025-03-13 09:41:27,061 - flask_app - INFO - Keyword matches: 0
2025-03-13 09:41:27,061 - flask_app - INFO - Keyword ratio: 0.0
2025-03-13 09:41:27,061 - flask_app - INFO - Combined similarity score: 0.16536718606948853
2025-03-13 09:41:27,061 - flask_app - INFO - Calculating similarity between: 
Answer: 'very good'
Criteria: 'in time'
2025-03-13 09:41:27,072 - flask_app - INFO - spaCy similarity score: 0.04312725365161896
2025-03-13 09:41:27,072 - flask_app - INFO - Answer keywords: [('good', False)]
2025-03-13 09:41:27,073 - flask_app - INFO - Criteria keywords: {'time'}
2025-03-13 09:41:27,074 - flask_app - INFO - Keyword matches: 0
2025-03-13 09:41:27,075 - flask_app - INFO - Keyword ratio: 0.0
2025-03-13 09:41:27,076 - flask_app - INFO - Combined similarity score: 0.02156362682580948
2025-03-13 09:41:27,077 - flask_app - INFO - Calculating similarity between: 
Answer: 'very good'
Criteria: 'very good on time'
2025-03-13 09:41:27,099 - flask_app - INFO - spaCy similarity score: 0.7358375191688538
2025-03-13 09:41:27,100 - flask_app - INFO - Answer keywords: [('good', False)]
2025-03-13 09:41:27,100 - flask_app - INFO - Criteria keywords: {'good', 'time'}
2025-03-13 09:41:27,100 - flask_app - INFO - Keyword matches: 1
2025-03-13 09:41:27,100 - flask_app - INFO - Keyword ratio: 0.5
2025-03-13 09:41:27,101 - flask_app - INFO - Combined similarity score: 0.6179187595844269
2025-03-13 09:41:27,101 - flask_app - INFO - Hasil Analisis: best_score=5, best_similarity=0.6179, sentiment=Positive
2025-03-13 09:41:27,101 - flask_app - INFO - Similarity Scores: {
  "1": 0.2763,
  "2": 0.1542,
  "3": 0.1654,
  "4": 0.0216,
  "5": 0.6179
}
2025-03-13 09:41:27,102 - flask_app - INFO - Response dikirim ke Laravel: {
  "best_score": 5,
  "best_similarity": 0.6179,
  "sentiment": "Positive",
  "avg_pos": 0.625,
  "avg_neg": 0.0,
  "similarity_scores": {
    "1": 0.2763,
    "2": 0.1542,
    "3": 0.1654,
    "4": 0.0216,
    "5": 0.6179
  }
}
2025-03-13 09:41:27,102 - werkzeug - INFO - 127.0.0.1 - - [13/Mar/2025 09:41:27] "POST /assess HTTP/1.1" 200 -
2025-03-13 09:41:27,170 - flask_app - INFO - Data diterima dari Laravel: {
  "question_id": "9e6b3732-2783-49f9-834c-1ffa52679db3",
  "answer": "sangar kurang",
  "score": 5
}
2025-03-13 09:41:27,171 - flask_app - INFO - Request Headers: {'Host': 'localhost:5000', 'User-Agent': 'GuzzleHttp/7', 'Content-Type': 'application/json', 'Accept': 'application/json', 'Content-Length': '89'}
2025-03-13 09:41:27,173 - flask_app - INFO - Found matching criteria for question_id: 9e6b3732-2783-49f9-834c-1ffa52679db3
2025-03-13 09:41:27,174 - flask_app - INFO - Loaded criteria for question_id 9e6b3732-2783-49f9-834c-1ffa52679db3: {
  "1": "very poor communication",
  "2": "lack of communication",
  "3": "sufficient communication",
  "4": "good communication",
  "5": "very communicative"
}
2025-03-13 09:41:30,475 - flask_app - INFO - Translated text: very less
2025-03-13 09:41:30,476 - flask_app - INFO - Translated answer: very less
2025-03-13 09:41:30,492 - flask_app - INFO - Calculating similarity between: 
Answer: 'very less'
Criteria: 'very poor communication'
2025-03-13 09:41:30,503 - flask_app - INFO - spaCy similarity score: 0.5246770977973938
2025-03-13 09:41:30,503 - flask_app - INFO - Answer keywords: []
2025-03-13 09:41:30,504 - flask_app - INFO - Criteria keywords: {'communication', 'poor'}
2025-03-13 09:41:30,504 - flask_app - INFO - Keyword matches: 0
2025-03-13 09:41:30,504 - flask_app - INFO - Keyword ratio: 0.0
2025-03-13 09:41:30,505 - flask_app - INFO - Combined similarity score: 0.2623385488986969
2025-03-13 09:41:30,505 - flask_app - INFO - Calculating similarity between: 
Answer: 'very less'
Criteria: 'lack of communication'
2025-03-13 09:41:30,513 - flask_app - INFO - spaCy similarity score: -0.024564402177929878
2025-03-13 09:41:30,513 - flask_app - INFO - Answer keywords: []
2025-03-13 09:41:30,514 - flask_app - INFO - Criteria keywords: {'communication', 'lack'}
2025-03-13 09:41:30,514 - flask_app - INFO - Keyword matches: 0
2025-03-13 09:41:30,514 - flask_app - INFO - Keyword ratio: 0.0
2025-03-13 09:41:30,515 - flask_app - INFO - Combined similarity score: -0.012282201088964939
2025-03-13 09:41:30,515 - flask_app - INFO - Calculating similarity between: 
Answer: 'very less'
Criteria: 'sufficient communication'
2025-03-13 09:41:30,523 - flask_app - INFO - spaCy similarity score: 0.04686835780739784
2025-03-13 09:41:30,523 - flask_app - INFO - Answer keywords: []
2025-03-13 09:41:30,524 - flask_app - INFO - Criteria keywords: {'communication', 'sufficient'}
2025-03-13 09:41:30,524 - flask_app - INFO - Keyword matches: 0
2025-03-13 09:41:30,524 - flask_app - INFO - Keyword ratio: 0.0
2025-03-13 09:41:30,525 - flask_app - INFO - Combined similarity score: 0.02343417890369892
2025-03-13 09:41:30,525 - flask_app - INFO - Calculating similarity between: 
Answer: 'very less'
Criteria: 'good communication'
2025-03-13 09:41:30,534 - flask_app - INFO - spaCy similarity score: 0.09206338971853256
2025-03-13 09:41:30,534 - flask_app - INFO - Answer keywords: []
2025-03-13 09:41:30,535 - flask_app - INFO - Criteria keywords: {'good', 'communication'}
2025-03-13 09:41:30,535 - flask_app - INFO - Keyword matches: 0
2025-03-13 09:41:30,535 - flask_app - INFO - Keyword ratio: 0.0
2025-03-13 09:41:30,536 - flask_app - INFO - Combined similarity score: 0.04603169485926628
2025-03-13 09:41:30,536 - flask_app - INFO - Calculating similarity between: 
Answer: 'very less'
Criteria: 'very communicative'
2025-03-13 09:41:30,545 - flask_app - INFO - spaCy similarity score: 0.6738395094871521
2025-03-13 09:41:30,546 - flask_app - INFO - Answer keywords: []
2025-03-13 09:41:30,546 - flask_app - INFO - Criteria keywords: {'communicative'}
2025-03-13 09:41:30,547 - flask_app - INFO - Keyword matches: 0
2025-03-13 09:41:30,547 - flask_app - INFO - Keyword ratio: 0.0
2025-03-13 09:41:30,547 - flask_app - INFO - Combined similarity score: 0.33691975474357605
2025-03-13 09:41:30,547 - flask_app - INFO - Hasil Analisis: best_score=5, best_similarity=0.3369, sentiment=Positive
2025-03-13 09:41:30,548 - flask_app - INFO - Similarity Scores: {
  "1": 0.2623,
  "2": -0.0123,
  "3": 0.0234,
  "4": 0.046,
  "5": 0.3369
}
2025-03-13 09:41:30,548 - flask_app - INFO - Response dikirim ke Laravel: {
  "best_score": 5,
  "best_similarity": 0.3369,
  "sentiment": "Positive",
  "avg_pos": 0.1875,
  "avg_neg": 0.0,
  "similarity_scores": {
    "1": 0.2623,
    "2": -0.0123,
    "3": 0.0234,
    "4": 0.046,
    "5": 0.3369
  }
}
2025-03-13 09:41:30,549 - werkzeug - INFO - 127.0.0.1 - - [13/Mar/2025 09:41:30] "POST /assess HTTP/1.1" 200 -
