2025-03-24 10:31:04,955 - flask_app - INFO - Aplikasi Flask dimulai
2025-03-24 10:31:05,002 - werkzeug - INFO - [31m[1mWARNING: This is a development server. Do not use it in a production deployment. Use a production WSGI server instead.[0m
 * Running on all addresses (0.0.0.0)
 * Running on http://127.0.0.1:5000
 * Running on http://10.10.131.224:5000
2025-03-24 10:31:05,002 - werkzeug - INFO - [33mPress CTRL+C to quit[0m
2025-03-24 10:31:05,005 - werkzeug - INFO -  * Restarting with stat
2025-03-24 10:31:07,964 - flask_app - INFO - Aplikasi Flask dimulai
2025-03-24 10:31:07,982 - werkzeug - WARNING -  * Debugger is active!
2025-03-24 10:31:07,986 - werkzeug - INFO -  * Debugger PIN: 123-511-407
2025-03-24 10:35:25,924 - flask_app - INFO - Received criteria import data: {
  "assessment_id": "9e816dee-4735-4b2a-a447-a6509deb3704",
  "rubrik_id": "9e816dee-3675-4586-a80e-a341455b36bd",
  "question": "Seberapa teliti dan lengkap Anda dalam menginputkan data ke Excel?",
  "bobot_1": "Banyak kesalahan, tidak teliti.",
  "bobot_2": "Cukup banyak kesalahan, masih kurang teliti.",
  "bobot_3": "Cukup akurat, terdapat beberapa kesalahan.",
  "bobot_4": "Hanya ada sedikit kesalahan, cukup teliti.",
  "bobot_5": "Data diinput dengan akurat dan tanpa kesalahan.",
  "aspect": "Penginputan Data ke Excel",
  "criteria": "Ketelitian dan keakuratan penginputan data.",
  "skill_type": "hardskill",
  "type": "selfAssessment"
}
2025-03-24 10:35:27,652 - flask_app - INFO - Translated text: Many mistakes, not careful.
2025-03-24 10:35:29,320 - flask_app - INFO - Translated text: Quite a lot of mistakes, still less thorough.
2025-03-24 10:35:30,896 - flask_app - INFO - Translated text: Quite accurately, there were some errors.
2025-03-24 10:35:32,688 - flask_app - INFO - Translated text: There were only a few mistakes, quite thorough.
2025-03-24 10:35:34,161 - flask_app - INFO - Translated text: Data is entered accurately and without errors.
2025-03-24 10:35:34,162 - flask_app - INFO - Translated criteria for assessment_id 9e816dee-4735-4b2a-a447-a6509deb3704: {
  "1": "Many mistakes, not careful.",
  "2": "Quite a lot of mistakes, still less thorough.",
  "3": "Quite accurately, there were some errors.",
  "4": "There were only a few mistakes, quite thorough.",
  "5": "Data is entered accurately and without errors."
}
2025-03-24 10:35:34,180 - flask_app - INFO - Successfully saved criteria for assessment_id 9e816dee-4735-4b2a-a447-a6509deb3704 to Rubrik.json
2025-03-24 10:35:34,183 - werkzeug - INFO - 127.0.0.1 - - [24/Mar/2025 10:35:34] "POST /import-criteria HTTP/1.1" 200 -
2025-03-24 10:35:34,645 - flask_app - INFO - Received criteria import data: {
  "assessment_id": "9e816dee-424f-4639-96d6-7c4942594280",
  "rubrik_id": "9e816dee-2fcf-4e38-82e3-4db7d3aed261",
  "question": "Seberapa banyak iklan lowongan kerja yang berhasil Anda kumpulkan dari platform yang ditugaskan?",
  "bobot_1": "Mengumpulkan sedikit iklan, platform terbatas.",
  "bobot_2": "Mengumpulkan cukup iklan, platform terbatas.",
  "bobot_3": "Iklan cukup, platform yang digunakan terbatas.",
  "bobot_4": "Mengumpulkan banyak iklan, platform cukup beragam.",
  "bobot_5": "Mengumpulkan banyak iklan dari banyak platform.",
  "aspect": "Pengumpulan Iklan Lowongan Kerja",
  "criteria": "Banyaknya iklan dan keragaman platform yang digunakan.",
  "skill_type": "hardskill",
  "type": "selfAssessment"
}
2025-03-24 10:35:36,096 - flask_app - INFO - Translated text: Collecting a little advertising, the platform is limited.
2025-03-24 10:35:37,627 - flask_app - INFO - Translated text: Collect enough ads, limited platform.
2025-03-24 10:35:39,839 - flask_app - INFO - Translated text: Ad enough, the platform used is limited.
2025-03-24 10:35:42,459 - flask_app - INFO - Translated text: Collecting a lot of ads, the platform is quite diverse.
2025-03-24 10:35:44,070 - flask_app - INFO - Translated text: Collect a lot of ads from many platforms.
2025-03-24 10:35:44,071 - flask_app - INFO - Translated criteria for assessment_id 9e816dee-424f-4639-96d6-7c4942594280: {
  "1": "Collecting a little advertising, the platform is limited.",
  "2": "Collect enough ads, limited platform.",
  "3": "Ad enough, the platform used is limited.",
  "4": "Collecting a lot of ads, the platform is quite diverse.",
  "5": "Collect a lot of ads from many platforms."
}
2025-03-24 10:35:44,083 - flask_app - INFO - Successfully saved criteria for assessment_id 9e816dee-424f-4639-96d6-7c4942594280 to Rubrik.json
2025-03-24 10:35:44,084 - werkzeug - INFO - 127.0.0.1 - - [24/Mar/2025 10:35:44] "POST /import-criteria HTTP/1.1" 200 -
2025-03-24 10:35:44,117 - flask_app - INFO - Received criteria import data: {
  "assessment_id": "9e816dee-4501-4132-87a8-f66c072c9862",
  "rubrik_id": "9e816dee-3338-4ecc-9e80-f6198d9c8023",
  "question": "Seberapa baik Anda memahami informasi yang terdapat dalam iklan lowongan kerja yang Anda kumpulkan?",
  "bobot_1": "Tidak memahami isi iklan.",
  "bobot_2": "Memahami sebagian kecil isi iklan.",
  "bobot_3": "Cukup memahami isi iklan.",
  "bobot_4": "Memahami sebagian besar isi iklan.",
  "bobot_5": "Memahami isi iklan dengan sangat baik.",
  "aspect": "Pemahaman terhadap Isi Iklan",
  "criteria": "Pemahaman informasi penting dari iklan yang dikumpulkan.",
  "skill_type": "hardskill",
  "type": "selfAssessment"
}
2025-03-24 10:35:45,726 - flask_app - INFO - Translated text: Don't understand the content of the ad.
2025-03-24 10:35:47,546 - flask_app - INFO - Translated text: Understand a small portion of a listing's content.
2025-03-24 10:35:49,080 - flask_app - INFO - Translated text: Simply understand the contents of the ad.
2025-03-24 10:35:50,679 - flask_app - INFO - Translated text: Understand most of the content of the listing.
2025-03-24 10:35:52,336 - flask_app - INFO - Translated text: Understand the content of the listing very well.
2025-03-24 10:35:52,337 - flask_app - INFO - Translated criteria for assessment_id 9e816dee-4501-4132-87a8-f66c072c9862: {
  "1": "Don't understand the content of the ad.",
  "2": "Understand a small portion of a listing's content.",
  "3": "Simply understand the contents of the ad.",
  "4": "Understand most of the content of the listing.",
  "5": "Understand the content of the listing very well."
}
2025-03-24 10:35:52,351 - flask_app - INFO - Successfully saved criteria for assessment_id 9e816dee-4501-4132-87a8-f66c072c9862 to Rubrik.json
2025-03-24 10:35:52,352 - werkzeug - INFO - 127.0.0.1 - - [24/Mar/2025 10:35:52] "POST /import-criteria HTTP/1.1" 200 -
2025-03-24 10:35:52,396 - flask_app - INFO - Received criteria import data: {
  "assessment_id": "9e816dee-4637-483f-82cf-f0366b00e418",
  "rubrik_id": "9e816dee-35a7-40d5-9977-44e32ac6cded",
  "question": "Seberapa puas Anda dengan struktur data yang Anda usulkan?",
  "bobot_1": "Struktur tidak sesuai dengan data.",
  "bobot_2": "Struktur kurang sesuai, masih perlu banyak perbaikan.",
  "bobot_3": "Struktur cukup sesuai, namun ada kekurangan.",
  "bobot_4": "Struktur hampir sesuai, hanya ada sedikit kekurangan.",
  "bobot_5": "Struktur data sangat baik dan lengkap.",
  "aspect": "Pembuatan Struktur Data",
  "criteria": "Kesesuaian dan kejelasan struktur data untuk memuat informasi.",
  "skill_type": "hardskill",
  "type": "selfAssessment"
}
2025-03-24 10:35:54,026 - flask_app - INFO - Translated text: The structure is incompatible with the data.
2025-03-24 10:35:55,566 - flask_app - INFO - Translated text: The structure is not suitable, there are still many improvements.
2025-03-24 10:35:57,318 - flask_app - INFO - Translated text: The structure is quite suitable, but there are shortcomings.
2025-03-24 10:35:58,898 - flask_app - INFO - Translated text: The structure is almost suitable, there are only a few shortcomings.
2025-03-24 10:36:00,426 - flask_app - INFO - Translated text: The data structure is very good and complete.
2025-03-24 10:36:00,427 - flask_app - INFO - Translated criteria for assessment_id 9e816dee-4637-483f-82cf-f0366b00e418: {
  "1": "The structure is incompatible with the data.",
  "2": "The structure is not suitable, there are still many improvements.",
  "3": "The structure is quite suitable, but there are shortcomings.",
  "4": "The structure is almost suitable, there are only a few shortcomings.",
  "5": "The data structure is very good and complete."
}
2025-03-24 10:36:00,439 - flask_app - INFO - Successfully saved criteria for assessment_id 9e816dee-4637-483f-82cf-f0366b00e418 to Rubrik.json
2025-03-24 10:36:00,440 - werkzeug - INFO - 127.0.0.1 - - [24/Mar/2025 10:36:00] "POST /import-criteria HTTP/1.1" 200 -
2025-03-24 10:36:00,466 - flask_app - INFO - Received criteria import data: {
  "assessment_id": "9e816dee-4848-4ac7-bf49-079ec71093c3",
  "rubrik_id": "9e816dee-371e-41d1-8651-ba007570e837",
  "question": "Seberapa efektif Anda berkontribusi dalam menggabungkan data dan struktur data dari kelompok lain?",
  "bobot_1": "Tidak aktif dalam proses penggabungan.",
  "bobot_2": "Kurang aktif dalam penggabungan, kontribusi minim.",
  "bobot_3": "Cukup aktif namun kontribusi terbatas.",
  "bobot_4": "Aktif dalam penggabungan, namun ada beberapa kekurangan.",
  "bobot_5": "Sangat aktif dan membantu menyelesaikan masalah.",
  "aspect": "Penggabungan Data dengan Kelompok Lain",
  "criteria": "Partisipasi dalam menggabungkan data kelompok.",
  "skill_type": "hardskill",
  "type": "selfAssessment"
}
2025-03-24 10:36:02,082 - flask_app - INFO - Translated text: Inactive in the merge process.
2025-03-24 10:36:03,657 - flask_app - INFO - Translated text: Less active in merging, minimal contribution.
2025-03-24 10:36:05,264 - flask_app - INFO - Translated text: Moderately active but limited contributions.
2025-03-24 10:36:06,827 - flask_app - INFO - Translated text: Active in mergers, but there are some drawbacks.
2025-03-24 10:36:09,303 - flask_app - INFO - Translated text: Very active and helps solve problems.
2025-03-24 10:36:09,306 - flask_app - INFO - Translated criteria for assessment_id 9e816dee-4848-4ac7-bf49-079ec71093c3: {
  "1": "Inactive in the merge process.",
  "2": "Less active in merging, minimal contribution.",
  "3": "Moderately active but limited contributions.",
  "4": "Active in mergers, but there are some drawbacks.",
  "5": "Very active and helps solve problems."
}
2025-03-24 10:36:09,383 - flask_app - INFO - Successfully saved criteria for assessment_id 9e816dee-4848-4ac7-bf49-079ec71093c3 to Rubrik.json
2025-03-24 10:36:09,389 - werkzeug - INFO - 127.0.0.1 - - [24/Mar/2025 10:36:09] "POST /import-criteria HTTP/1.1" 200 -
2025-03-24 10:36:09,458 - flask_app - INFO - Received criteria import data: {
  "assessment_id": "9e816dee-4943-4ab2-a4ff-e50ac9e66882",
  "rubrik_id": "9e816dee-37a8-480c-a60f-de1fffb51b51",
  "question": "Seberapa baik Anda bekerja sama dengan anggota kelompok Anda?",
  "bobot_1": "Tidak banyak terlibat dalam kerjasama.",
  "bobot_2": "Kurang terlibat dalam kerjasama, sering pasif.",
  "bobot_3": "Cukup terlibat dalam kerjasama.",
  "bobot_4": "Terlibat dengan baik, meskipun masih bisa ditingkatkan.",
  "bobot_5": "Sangat kooperatif dan membantu tim dengan baik.",
  "aspect": "Kolaborasi dan Kerjasama Tim",
  "criteria": "Kemampuan bekerja sama dengan anggota kelompok lain.",
  "skill_type": "softskill",
  "type": "selfAssessment"
}
2025-03-24 10:36:10,997 - flask_app - INFO - Translated text: Not much involvement in cooperation.
2025-03-24 10:36:12,503 - flask_app - INFO - Translated text: Less involved in cooperation, often passive.
2025-03-24 10:36:15,565 - flask_app - INFO - Translated text: Quite involved in cooperation.
2025-03-24 10:36:17,134 - flask_app - INFO - Translated text: Well-engaged, although it can still be improved.
2025-03-24 10:36:18,614 - flask_app - INFO - Translated text: Very cooperative and helps the team well.
2025-03-24 10:36:18,615 - flask_app - INFO - Translated criteria for assessment_id 9e816dee-4943-4ab2-a4ff-e50ac9e66882: {
  "1": "Not much involvement in cooperation.",
  "2": "Less involved in cooperation, often passive.",
  "3": "Quite involved in cooperation.",
  "4": "Well-engaged, although it can still be improved.",
  "5": "Very cooperative and helps the team well."
}
2025-03-24 10:36:18,626 - flask_app - INFO - Successfully saved criteria for assessment_id 9e816dee-4943-4ab2-a4ff-e50ac9e66882 to Rubrik.json
2025-03-24 10:36:18,627 - werkzeug - INFO - 127.0.0.1 - - [24/Mar/2025 10:36:18] "POST /import-criteria HTTP/1.1" 200 -
2025-03-24 10:36:18,667 - flask_app - INFO - Received criteria import data: {
  "assessment_id": "9e816dee-4a36-498c-8582-e3588be51170",
  "rubrik_id": "9e816dee-3828-4e41-8805-2e2c5e84654d",
  "question": "Seberapa baik kemampuan Anda dalam menyampaikan ide dan solusi kepada anggota kelompok lain?",
  "bobot_1": "Komunikasi tidak jelas atau tidak efektif.",
  "bobot_2": "Komunikasi kurang jelas, sering terjadi kesalahpahaman.",
  "bobot_3": "Komunikasi cukup baik namun kurang terbuka.",
  "bobot_4": "Komunikasi baik, tetapi masih bisa lebih efektif.",
  "bobot_5": "Komunikasi sangat baik, ide tersampaikan jelas.",
  "aspect": "Komunikasi",
  "criteria": "Efektivitas dalam menyampaikan ide dan berdiskusi.",
  "skill_type": "softskill",
  "type": "selfAssessment"
}
2025-03-24 10:36:20,506 - flask_app - INFO - Translated text: Communication is unclear or ineffective.
2025-03-24 10:36:22,122 - flask_app - INFO - Translated text: Communication is unclear, there are often misunderstandings.
2025-03-24 10:36:23,757 - flask_app - INFO - Translated text: Communication is quite good but less open.
2025-03-24 10:36:25,448 - flask_app - INFO - Translated text: Communication is good, but it can still be more effective.
2025-03-24 10:36:27,024 - flask_app - INFO - Translated text: Communication is very good, ideas are conveyed clearly.
2025-03-24 10:36:27,025 - flask_app - INFO - Translated criteria for assessment_id 9e816dee-4a36-498c-8582-e3588be51170: {
  "1": "Communication is unclear or ineffective.",
  "2": "Communication is unclear, there are often misunderstandings.",
  "3": "Communication is quite good but less open.",
  "4": "Communication is good, but it can still be more effective.",
  "5": "Communication is very good, ideas are conveyed clearly."
}
2025-03-24 10:36:27,028 - flask_app - INFO - Successfully saved criteria for assessment_id 9e816dee-4a36-498c-8582-e3588be51170 to Rubrik.json
2025-03-24 10:36:27,029 - werkzeug - INFO - 127.0.0.1 - - [24/Mar/2025 10:36:27] "POST /import-criteria HTTP/1.1" 200 -
2025-03-24 10:36:27,055 - flask_app - INFO - Received criteria import data: {
  "assessment_id": "9e816dee-4b20-45e3-bffc-fa6dc6dd7fbf",
  "rubrik_id": "9e816dee-38b4-4515-b18d-12d1582b315b",
  "question": "Seberapa baik Anda dalam mengidentifikasi dan menyelesaikan masalah yang muncul selama proyek?",
  "bobot_1": "Tidak aktif dalam menyelesaikan masalah.",
  "bobot_2": "Kurang aktif dalam menemukan solusi.",
  "bobot_3": "Membantu dalam beberapa situasi.",
  "bobot_4": "Aktif dalam menyelesaikan masalah, namun kurang sistematis.",
  "bobot_5": "Sangat aktif menyelesaikan masalah dan proaktif.",
  "aspect": "Pemecahan Masalah",
  "criteria": "Kemampuan mengidentifikasi dan menyelesaikan masalah.",
  "skill_type": "softskill",
  "type": "selfAssessment"
}
2025-03-24 10:36:30,340 - flask_app - INFO - Translated text: Inactive in solving problems.
2025-03-24 10:36:31,927 - flask_app - INFO - Translated text: Less active in finding solutions.
2025-03-24 10:36:33,395 - flask_app - INFO - Translated text: Helps in some situations.
2025-03-24 10:36:34,965 - flask_app - INFO - Translated text: Active in solving problems, but less systematic.
2025-03-24 10:36:36,598 - flask_app - INFO - Translated text: Very active in problem solving and proactive.
2025-03-24 10:36:36,599 - flask_app - INFO - Translated criteria for assessment_id 9e816dee-4b20-45e3-bffc-fa6dc6dd7fbf: {
  "1": "Inactive in solving problems.",
  "2": "Less active in finding solutions.",
  "3": "Helps in some situations.",
  "4": "Active in solving problems, but less systematic.",
  "5": "Very active in problem solving and proactive."
}
2025-03-24 10:36:36,602 - flask_app - INFO - Successfully saved criteria for assessment_id 9e816dee-4b20-45e3-bffc-fa6dc6dd7fbf to Rubrik.json
2025-03-24 10:36:36,603 - werkzeug - INFO - 127.0.0.1 - - [24/Mar/2025 10:36:36] "POST /import-criteria HTTP/1.1" 200 -
2025-03-24 10:36:36,630 - flask_app - INFO - Received criteria import data: {
  "assessment_id": "9e816dee-4c16-4db7-b525-7d16b33662cb",
  "rubrik_id": "9e816dee-3935-44d2-9dd4-6fd873df8c6c",
  "question": "Seberapa baik Anda dalam mengelola waktu dan menyelesaikan tugas sesuai tenggat waktu?",
  "bobot_1": "Banyak tugas yang terlambat diselesaikan.",
  "bobot_2": "Beberapa tugas terlambat, sering menunda pekerjaan.",
  "bobot_3": "Beberapa tugas terlambat namun masih dapat dikejar.",
  "bobot_4": "Sebagian besar tugas selesai tepat waktu, hanya ada sedikit keterlambatan.",
  "bobot_5": "Semua tugas diselesaikan tepat waktu.",
  "aspect": "Manajemen Waktu",
  "criteria": "Kemampuan menyelesaikan tugas sesuai tenggat waktu.",
  "skill_type": "softskill",
  "type": "selfAssessment"
}
2025-03-24 10:36:38,172 - flask_app - INFO - Translated text: Many tasks are overdue for completion.
2025-03-24 10:36:39,733 - flask_app - INFO - Translated text: Some tasks are late, often delaying work.
2025-03-24 10:36:41,424 - flask_app - INFO - Translated text: Some tasks are late but can still be pursued.
2025-03-24 10:36:42,859 - flask_app - INFO - Translated text: Most tasks are completed on time, there is only a small delay.
2025-03-24 10:36:44,428 - flask_app - INFO - Translated text: All tasks are completed on time.
2025-03-24 10:36:44,429 - flask_app - INFO - Translated criteria for assessment_id 9e816dee-4c16-4db7-b525-7d16b33662cb: {
  "1": "Many tasks are overdue for completion.",
  "2": "Some tasks are late, often delaying work.",
  "3": "Some tasks are late but can still be pursued.",
  "4": "Most tasks are completed on time, there is only a small delay.",
  "5": "All tasks are completed on time."
}
2025-03-24 10:36:44,431 - flask_app - INFO - Successfully saved criteria for assessment_id 9e816dee-4c16-4db7-b525-7d16b33662cb to Rubrik.json
2025-03-24 10:36:44,432 - werkzeug - INFO - 127.0.0.1 - - [24/Mar/2025 10:36:44] "POST /import-criteria HTTP/1.1" 200 -
2025-03-24 10:36:44,458 - flask_app - INFO - Received criteria import data: {
  "assessment_id": "9e816dee-4d05-43ad-9b7c-5dc9ec493bcb",
  "rubrik_id": "9e816dee-2fcf-4e38-82e3-4db7d3aed261",
  "question": "Seberapa baik [Nama] dalam mengumpulkan iklan lowongan kerja dari platform yang ditugaskan?",
  "bobot_1": "Mengumpulkan sedikit iklan, platform terbatas.",
  "bobot_2": "Mengumpulkan cukup iklan, platform terbatas.",
  "bobot_3": "Iklan cukup, platform yang digunakan terbatas.",
  "bobot_4": "Mengumpulkan banyak iklan, platform cukup beragam.",
  "bobot_5": "Mengumpulkan banyak iklan dari banyak platform.",
  "aspect": "Pengumpulan Iklan Lowongan Kerja",
  "criteria": "Banyaknya iklan dan keragaman platform yang digunakan.",
  "skill_type": "hardskill",
  "type": "peerAssessment"
}
2025-03-24 10:36:45,992 - flask_app - INFO - Translated text: Collecting a little advertising, the platform is limited.
2025-03-24 10:36:47,579 - flask_app - INFO - Translated text: Collect enough ads, limited platform.
2025-03-24 10:36:49,326 - flask_app - INFO - Translated text: Ad enough, the platform used is limited.
2025-03-24 10:36:51,900 - flask_app - INFO - Translated text: Collecting a lot of ads, the platform is quite diverse.
2025-03-24 10:36:53,509 - flask_app - INFO - Translated text: Collect a lot of ads from many platforms.
2025-03-24 10:36:53,509 - flask_app - INFO - Translated criteria for assessment_id 9e816dee-4d05-43ad-9b7c-5dc9ec493bcb: {
  "1": "Collecting a little advertising, the platform is limited.",
  "2": "Collect enough ads, limited platform.",
  "3": "Ad enough, the platform used is limited.",
  "4": "Collecting a lot of ads, the platform is quite diverse.",
  "5": "Collect a lot of ads from many platforms."
}
2025-03-24 10:36:53,511 - flask_app - INFO - Successfully saved criteria for assessment_id 9e816dee-4d05-43ad-9b7c-5dc9ec493bcb to Rubrik.json
2025-03-24 10:36:53,512 - werkzeug - INFO - 127.0.0.1 - - [24/Mar/2025 10:36:53] "POST /import-criteria HTTP/1.1" 200 -
2025-03-24 10:36:53,557 - flask_app - INFO - Received criteria import data: {
  "assessment_id": "9e816dee-4e08-43c3-8126-248854b76c2f",
  "rubrik_id": "9e816dee-3338-4ecc-9e80-f6198d9c8023",
  "question": "Bagaimana pemahaman [Nama] terhadap isi iklan yang dikumpulkan?",
  "bobot_1": "Tidak memahami isi iklan.",
  "bobot_2": "Memahami sebagian kecil isi iklan.",
  "bobot_3": "Cukup memahami isi iklan.",
  "bobot_4": "Memahami sebagian besar isi iklan.",
  "bobot_5": "Memahami isi iklan dengan sangat baik.",
  "aspect": "Pemahaman terhadap Isi Iklan",
  "criteria": "Pemahaman informasi penting dari iklan yang dikumpulkan.",
  "skill_type": "hardskill",
  "type": "peerAssessment"
}
2025-03-24 10:36:55,195 - flask_app - INFO - Translated text: Don't understand the content of the ad.
2025-03-24 10:36:56,667 - flask_app - INFO - Translated text: Understand a small portion of a listing's content.
2025-03-24 10:36:58,336 - flask_app - INFO - Translated text: Simply understand the contents of the ad.
2025-03-24 10:36:59,819 - flask_app - INFO - Translated text: Understand most of the content of the listing.
2025-03-24 10:37:01,317 - flask_app - INFO - Translated text: Understand the content of the listing very well.
2025-03-24 10:37:01,317 - flask_app - INFO - Translated criteria for assessment_id 9e816dee-4e08-43c3-8126-248854b76c2f: {
  "1": "Don't understand the content of the ad.",
  "2": "Understand a small portion of a listing's content.",
  "3": "Simply understand the contents of the ad.",
  "4": "Understand most of the content of the listing.",
  "5": "Understand the content of the listing very well."
}
2025-03-24 10:37:01,320 - flask_app - INFO - Successfully saved criteria for assessment_id 9e816dee-4e08-43c3-8126-248854b76c2f to Rubrik.json
2025-03-24 10:37:01,321 - werkzeug - INFO - 127.0.0.1 - - [24/Mar/2025 10:37:01] "POST /import-criteria HTTP/1.1" 200 -
2025-03-24 10:37:01,358 - flask_app - INFO - Received criteria import data: {
  "assessment_id": "9e816dee-4eff-41c8-8656-79cee0c8a19b",
  "rubrik_id": "9e816dee-35a7-40d5-9977-44e32ac6cded",
  "question": "Seberapa baik struktur data yang diusulkan oleh [Nama]?",
  "bobot_1": "Struktur tidak sesuai dengan data.",
  "bobot_2": "Struktur kurang sesuai, masih perlu banyak perbaikan.",
  "bobot_3": "Struktur cukup sesuai, namun ada kekurangan.",
  "bobot_4": "Struktur hampir sesuai, hanya ada sedikit kekurangan.",
  "bobot_5": "Struktur data sangat baik dan lengkap.",
  "aspect": "Pembuatan Struktur Data",
  "criteria": "Kesesuaian dan kejelasan struktur data untuk memuat informasi.",
  "skill_type": "hardskill",
  "type": "peerAssessment"
}
2025-03-24 10:37:02,856 - flask_app - INFO - Translated text: The structure is incompatible with the data.
2025-03-24 10:37:04,277 - flask_app - INFO - Translated text: The structure is not suitable, there are still many improvements.
2025-03-24 10:37:05,782 - flask_app - INFO - Translated text: The structure is quite suitable, but there are shortcomings.
2025-03-24 10:37:07,284 - flask_app - INFO - Translated text: The structure is almost suitable, there are only a few shortcomings.
2025-03-24 10:37:08,772 - flask_app - INFO - Translated text: The data structure is very good and complete.
2025-03-24 10:37:08,772 - flask_app - INFO - Translated criteria for assessment_id 9e816dee-4eff-41c8-8656-79cee0c8a19b: {
  "1": "The structure is incompatible with the data.",
  "2": "The structure is not suitable, there are still many improvements.",
  "3": "The structure is quite suitable, but there are shortcomings.",
  "4": "The structure is almost suitable, there are only a few shortcomings.",
  "5": "The data structure is very good and complete."
}
2025-03-24 10:37:08,774 - flask_app - INFO - Successfully saved criteria for assessment_id 9e816dee-4eff-41c8-8656-79cee0c8a19b to Rubrik.json
2025-03-24 10:37:08,775 - werkzeug - INFO - 127.0.0.1 - - [24/Mar/2025 10:37:08] "POST /import-criteria HTTP/1.1" 200 -
2025-03-24 10:37:08,824 - flask_app - INFO - Received criteria import data: {
  "assessment_id": "9e816dee-5054-45b0-9f82-1110d38e383d",
  "rubrik_id": "9e816dee-3675-4586-a80e-a341455b36bd",
  "question": "Seberapa teliti [Nama] dalam menginputkan data ke Excel?",
  "bobot_1": "Banyak kesalahan, tidak teliti.",
  "bobot_2": "Cukup banyak kesalahan, masih kurang teliti.",
  "bobot_3": "Cukup akurat, terdapat beberapa kesalahan.",
  "bobot_4": "Hanya ada sedikit kesalahan, cukup teliti.",
  "bobot_5": "Data diinput dengan akurat dan tanpa kesalahan.",
  "aspect": "Penginputan Data ke Excel",
  "criteria": "Ketelitian dan keakuratan penginputan data.",
  "skill_type": "hardskill",
  "type": "peerAssessment"
}
2025-03-24 10:37:10,321 - flask_app - INFO - Translated text: Many mistakes, not careful.
2025-03-24 10:37:11,995 - flask_app - INFO - Translated text: Quite a lot of mistakes, still less thorough.
2025-03-24 10:37:13,474 - flask_app - INFO - Translated text: Quite accurately, there were some errors.
2025-03-24 10:37:15,011 - flask_app - INFO - Translated text: There were only a few mistakes, quite thorough.
2025-03-24 10:37:16,478 - flask_app - INFO - Translated text: Data is entered accurately and without errors.
2025-03-24 10:37:16,478 - flask_app - INFO - Translated criteria for assessment_id 9e816dee-5054-45b0-9f82-1110d38e383d: {
  "1": "Many mistakes, not careful.",
  "2": "Quite a lot of mistakes, still less thorough.",
  "3": "Quite accurately, there were some errors.",
  "4": "There were only a few mistakes, quite thorough.",
  "5": "Data is entered accurately and without errors."
}
2025-03-24 10:37:16,480 - flask_app - INFO - Successfully saved criteria for assessment_id 9e816dee-5054-45b0-9f82-1110d38e383d to Rubrik.json
2025-03-24 10:37:16,481 - werkzeug - INFO - 127.0.0.1 - - [24/Mar/2025 10:37:16] "POST /import-criteria HTTP/1.1" 200 -
2025-03-24 10:37:16,510 - flask_app - INFO - Received criteria import data: {
  "assessment_id": "9e816dee-516c-47c8-a111-e41212c1be80",
  "rubrik_id": "9e816dee-371e-41d1-8651-ba007570e837",
  "question": "Seberapa efektif Anda berkontribusi dalam menggabungkan data dan struktur data dari kelompok lain?",
  "bobot_1": "Tidak aktif dalam proses penggabungan.",
  "bobot_2": "Kurang aktif dalam penggabungan, kontribusi minim.",
  "bobot_3": "Cukup aktif namun kontribusi terbatas.",
  "bobot_4": "Aktif dalam penggabungan, namun ada beberapa kekurangan.",
  "bobot_5": "Sangat aktif dan membantu menyelesaikan masalah.",
  "aspect": "Penggabungan Data dengan Kelompok Lain",
  "criteria": "Partisipasi dalam menggabungkan data kelompok.",
  "skill_type": "hardskill",
  "type": "peerAssessment"
}
2025-03-24 10:37:18,114 - flask_app - INFO - Translated text: Inactive in the merge process.
2025-03-24 10:37:19,654 - flask_app - INFO - Translated text: Less active in merging, minimal contribution.
2025-03-24 10:37:21,100 - flask_app - INFO - Translated text: Moderately active but limited contributions.
2025-03-24 10:37:22,661 - flask_app - INFO - Translated text: Active in mergers, but there are some drawbacks.
2025-03-24 10:37:24,210 - flask_app - INFO - Translated text: Very active and helps solve problems.
2025-03-24 10:37:24,211 - flask_app - INFO - Translated criteria for assessment_id 9e816dee-516c-47c8-a111-e41212c1be80: {
  "1": "Inactive in the merge process.",
  "2": "Less active in merging, minimal contribution.",
  "3": "Moderately active but limited contributions.",
  "4": "Active in mergers, but there are some drawbacks.",
  "5": "Very active and helps solve problems."
}
2025-03-24 10:37:24,214 - flask_app - INFO - Successfully saved criteria for assessment_id 9e816dee-516c-47c8-a111-e41212c1be80 to Rubrik.json
2025-03-24 10:37:24,215 - werkzeug - INFO - 127.0.0.1 - - [24/Mar/2025 10:37:24] "POST /import-criteria HTTP/1.1" 200 -
2025-03-24 10:37:24,249 - flask_app - INFO - Received criteria import data: {
  "assessment_id": "9e816dee-5261-4be8-bda2-78128b2687fc",
  "rubrik_id": "9e816dee-37a8-480c-a60f-de1fffb51b51",
  "question": "Seberapa aktif [Nama] terlibat dalam penggabungan data dengan kelompok lain?",
  "bobot_1": "Tidak banyak terlibat dalam kerjasama.",
  "bobot_2": "Kurang terlibat dalam kerjasama, sering pasif.",
  "bobot_3": "Cukup terlibat dalam kerjasama.",
  "bobot_4": "Terlibat dengan baik, meskipun masih bisa ditingkatkan.",
  "bobot_5": "Sangat kooperatif dan membantu tim dengan baik.",
  "aspect": "Kolaborasi dan Kerjasama Tim",
  "criteria": "Kemampuan bekerja sama dengan anggota kelompok lain.",
  "skill_type": "softskill",
  "type": "peerAssessment"
}
2025-03-24 10:37:25,793 - flask_app - INFO - Translated text: Not much involvement in cooperation.
2025-03-24 10:37:27,335 - flask_app - INFO - Translated text: Less involved in cooperation, often passive.
2025-03-24 10:37:28,870 - flask_app - INFO - Translated text: Quite involved in cooperation.
2025-03-24 10:37:30,406 - flask_app - INFO - Translated text: Well-engaged, although it can still be improved.
2025-03-24 10:37:31,872 - flask_app - INFO - Translated text: Very cooperative and helps the team well.
2025-03-24 10:37:31,872 - flask_app - INFO - Translated criteria for assessment_id 9e816dee-5261-4be8-bda2-78128b2687fc: {
  "1": "Not much involvement in cooperation.",
  "2": "Less involved in cooperation, often passive.",
  "3": "Quite involved in cooperation.",
  "4": "Well-engaged, although it can still be improved.",
  "5": "Very cooperative and helps the team well."
}
2025-03-24 10:37:31,875 - flask_app - INFO - Successfully saved criteria for assessment_id 9e816dee-5261-4be8-bda2-78128b2687fc to Rubrik.json
2025-03-24 10:37:31,876 - werkzeug - INFO - 127.0.0.1 - - [24/Mar/2025 10:37:31] "POST /import-criteria HTTP/1.1" 200 -
2025-03-24 10:37:31,901 - flask_app - INFO - Received criteria import data: {
  "assessment_id": "9e816dee-5350-4ca7-bc26-29cbc45f516b",
  "rubrik_id": "9e816dee-3828-4e41-8805-2e2c5e84654d",
  "question": "Seberapa baik [Nama] bekerja sama dengan anggota kelompok?",
  "bobot_1": "Komunikasi tidak jelas atau tidak efektif.",
  "bobot_2": "Komunikasi kurang jelas, sering terjadi kesalahpahaman.",
  "bobot_3": "Komunikasi cukup baik namun kurang terbuka.",
  "bobot_4": "Komunikasi baik, tetapi masih bisa lebih efektif.",
  "bobot_5": "Komunikasi sangat baik, ide tersampaikan jelas.",
  "aspect": "Komunikasi",
  "criteria": "Efektivitas dalam menyampaikan ide dan berdiskusi.",
  "skill_type": "softskill",
  "type": "peerAssessment"
}
2025-03-24 10:37:33,477 - flask_app - INFO - Translated text: Communication is unclear or ineffective.
2025-03-24 10:37:35,080 - flask_app - INFO - Translated text: Communication is unclear, there are often misunderstandings.
2025-03-24 10:37:36,651 - flask_app - INFO - Translated text: Communication is quite good but less open.
2025-03-24 10:37:38,161 - flask_app - INFO - Translated text: Communication is good, but it can still be more effective.
2025-03-24 10:37:39,697 - flask_app - INFO - Translated text: Communication is very good, ideas are conveyed clearly.
2025-03-24 10:37:39,698 - flask_app - INFO - Translated criteria for assessment_id 9e816dee-5350-4ca7-bc26-29cbc45f516b: {
  "1": "Communication is unclear or ineffective.",
  "2": "Communication is unclear, there are often misunderstandings.",
  "3": "Communication is quite good but less open.",
  "4": "Communication is good, but it can still be more effective.",
  "5": "Communication is very good, ideas are conveyed clearly."
}
2025-03-24 10:37:39,702 - flask_app - INFO - Successfully saved criteria for assessment_id 9e816dee-5350-4ca7-bc26-29cbc45f516b to Rubrik.json
2025-03-24 10:37:39,703 - werkzeug - INFO - 127.0.0.1 - - [24/Mar/2025 10:37:39] "POST /import-criteria HTTP/1.1" 200 -
2025-03-24 10:37:39,751 - flask_app - INFO - Received criteria import data: {
  "assessment_id": "9e816dee-54b7-4ecc-9865-8a3992f2834e",
  "rubrik_id": "9e816dee-38b4-4515-b18d-12d1582b315b",
  "question": "Seberapa efektif [Nama] dalam berkomunikasi dengan anggota kelompok?",
  "bobot_1": "Tidak aktif dalam menyelesaikan masalah.",
  "bobot_2": "Kurang aktif dalam menemukan solusi.",
  "bobot_3": "Membantu dalam beberapa situasi.",
  "bobot_4": "Aktif dalam menyelesaikan masalah, namun kurang sistematis.",
  "bobot_5": "Sangat aktif menyelesaikan masalah dan proaktif.",
  "aspect": "Pemecahan Masalah",
  "criteria": "Kemampuan mengidentifikasi dan menyelesaikan masalah.",
  "skill_type": "softskill",
  "type": "peerAssessment"
}
2025-03-24 10:37:41,326 - flask_app - INFO - Translated text: Inactive in solving problems.
2025-03-24 10:37:42,812 - flask_app - INFO - Translated text: Less active in finding solutions.
2025-03-24 10:37:44,656 - flask_app - INFO - Translated text: Helps in some situations.
2025-03-24 10:37:46,201 - flask_app - INFO - Translated text: Active in solving problems, but less systematic.
2025-03-24 10:37:47,710 - flask_app - INFO - Translated text: Very active in problem solving and proactive.
2025-03-24 10:37:47,711 - flask_app - INFO - Translated criteria for assessment_id 9e816dee-54b7-4ecc-9865-8a3992f2834e: {
  "1": "Inactive in solving problems.",
  "2": "Less active in finding solutions.",
  "3": "Helps in some situations.",
  "4": "Active in solving problems, but less systematic.",
  "5": "Very active in problem solving and proactive."
}
2025-03-24 10:37:47,713 - flask_app - INFO - Successfully saved criteria for assessment_id 9e816dee-54b7-4ecc-9865-8a3992f2834e to Rubrik.json
2025-03-24 10:37:47,714 - werkzeug - INFO - 127.0.0.1 - - [24/Mar/2025 10:37:47] "POST /import-criteria HTTP/1.1" 200 -
2025-03-24 10:37:47,741 - flask_app - INFO - Received criteria import data: {
  "assessment_id": "9e816dee-55c1-4635-9959-7cb65a881fbb",
  "rubrik_id": "9e816dee-3935-44d2-9dd4-6fd873df8c6c",
  "question": "Seberapa baik [Nama] dalam menyelesaikan tugas tepat waktu?",
  "bobot_1": "Banyak tugas yang terlambat diselesaikan.",
  "bobot_2": "Beberapa tugas terlambat, sering menunda pekerjaan.",
  "bobot_3": "Beberapa tugas terlambat namun masih dapat dikejar.",
  "bobot_4": "Sebagian besar tugas selesai tepat waktu, hanya ada sedikit keterlambatan.",
  "bobot_5": "Semua tugas diselesaikan tepat waktu.",
  "aspect": "Manajemen Waktu",
  "criteria": "Kemampuan menyelesaikan tugas sesuai tenggat waktu.",
  "skill_type": "softskill",
  "type": "peerAssessment"
}
2025-03-24 10:37:49,324 - flask_app - INFO - Translated text: Many tasks are overdue for completion.
2025-03-24 10:37:50,944 - flask_app - INFO - Translated text: Some tasks are late, often delaying work.
2025-03-24 10:37:52,494 - flask_app - INFO - Translated text: Some tasks are late but can still be pursued.
2025-03-24 10:37:53,915 - flask_app - INFO - Translated text: Most tasks are completed on time, there is only a small delay.
2025-03-24 10:37:55,433 - flask_app - INFO - Translated text: All tasks are completed on time.
2025-03-24 10:37:55,434 - flask_app - INFO - Translated criteria for assessment_id 9e816dee-55c1-4635-9959-7cb65a881fbb: {
  "1": "Many tasks are overdue for completion.",
  "2": "Some tasks are late, often delaying work.",
  "3": "Some tasks are late but can still be pursued.",
  "4": "Most tasks are completed on time, there is only a small delay.",
  "5": "All tasks are completed on time."
}
2025-03-24 10:37:55,438 - flask_app - INFO - Successfully saved criteria for assessment_id 9e816dee-55c1-4635-9959-7cb65a881fbb to Rubrik.json
2025-03-24 10:37:55,438 - werkzeug - INFO - 127.0.0.1 - - [24/Mar/2025 10:37:55] "POST /import-criteria HTTP/1.1" 200 -
